{"level":"error","message":"Falta completar campos"}
{"code":1,"level":"error","name":"Error de creacion de producto","status":400}
{"level":"error","message":"status: 400\n    Error de creacion de producto: Falta completar campos"}
{"level":"error","message":"status: 400 Error de creacion de producto: Falta completar campos"}
{"level":"error","message":"Error de creacion de producto: Falta completar campos. Status: 400"}
{"level":"error","message":"Error de creacion de producto: Falta completar campos. Status: 400"}
{"level":"error","message":"Error de creacion de producto: Falta completar campos. Status: 400"}
{"level":"error","message":"Error de creacion de producto: Falta completar campos. Status: 400"}
{"level":"error","message":"Error: Failed to lookup view \"restorePass\" in views directory \"C:\\Users\\valen\\OneDrive\\Escritorio\\BackEnd CoderHouse\\Desafios\\Desafio\\src/views\". Status: undefined"}
{"level":"error","message":"Error: Failed to lookup view \"restorePass\" in views directory \"C:\\Users\\valen\\OneDrive\\Escritorio\\BackEnd CoderHouse\\Desafios\\Desafio\\src/views\". Status: undefined"}
{"level":"error","message":"Error: Failed to lookup view \"restorePass\" in views directory \"C:\\Users\\valen\\OneDrive\\Escritorio\\BackEnd CoderHouse\\Desafios\\Desafio\\src/views\". Status: undefined"}
{"level":"error","message":"Error: Failed to lookup view \"login\" in views directory \"C:\\Users\\valen\\OneDrive\\Escritorio\\BackEnd CoderHouse\\Desafios\\Desafio\\src/views\". Status: undefined"}
{"level":"error","message":"Error: Failed to lookup view \"login\" in views directory \"C:\\Users\\valen\\OneDrive\\Escritorio\\BackEnd CoderHouse\\Desafios\\Desafio\\src/views\". Status: undefined"}
{"level":"error","message":"Error de creacion de producto: Falta completar campos. Status: 400"}
{"level":"error","message":"TypeError: Cannot read properties of undefined (reading 'push'). Status: undefined"}
{"level":"error","message":"Error de creacion de producto: Falta completar campos. Status: 400"}
{"level":"error","message":"CastError: Cast to ObjectId failed for value \"0\" (type number) at path \"_id\" for model \"Users\". Status: undefined"}
{"level":"error","message":"CastError: Cast to ObjectId failed for value \"0\" (type number) at path \"_id\" for model \"Users\". Status: undefined"}
{"level":"error","message":"ReferenceError: user is not defined. Status: undefined"}
{"level":"error","message":"ReferenceError: user is not defined. Status: undefined"}
{"level":"error","message":"ReferenceError: user is not defined. Status: undefined"}
{"level":"error","message":"ReferenceError: user is not defined. Status: undefined"}
{"level":"error","message":"ReferenceError: user is not defined. Status: undefined"}
{"level":"error","message":"ReferenceError: id is not defined. Status: undefined"}
{"level":"error","message":"ReferenceError: paramId is not defined. Status: undefined"}
{"level":"error","message":"ReferenceError: paramId is not defined. Status: undefined"}
{"level":"error","message":"ReferenceError: cartId is not defined. Status: undefined"}
{"level":"error","message":"ReferenceError: cartId is not defined. Status: undefined"}
{"level":"error","message":"Error buscando carrito: Carrito no encontrado. Status: 404"}
{"level":"error","message":"ReferenceError: i is not defined. Status: undefined"}
{"level":"error","message":"TypeError: Cannot read properties of undefined (reading '0'). Status: undefined"}
{"level":"error","message":"Error: Cannot set headers after they are sent to the client. Status: undefined"}
{"level":"error","message":"Error: Cannot set headers after they are sent to the client. Status: undefined"}
{"level":"error","message":"ReferenceError: user is not defined. Status: undefined"}
{"level":"error","message":"ReferenceError: user is not defined. Status: undefined"}
{"level":"error","message":"Error de creacion de producto: Falta completar campos. Status: 400"}
{"level":"error","message":"TypeError: Cannot read properties of undefined (reading 'qty'). Status: undefined"}
{"level":"error","message":"TypeError: Cannot read properties of undefined (reading 'qty'). Status: undefined"}
{"level":"error","message":"TypeError: Cannot read properties of undefined (reading 'qty'). Status: undefined"}
{"level":"error","message":"TypeError: Converting circular structure to JSON\n    --> starting at object with constructor 'MongoClient'\n    |     property 's' -> object with constructor 'Object'\n    |     property 'sessionPool' -> object with constructor 'ServerSessionPool'\n    --- property 'client' closes the circle. Status: undefined"}
{"level":"error","message":"TypeError: Converting circular structure to JSON\n    --> starting at object with constructor 'MongoClient'\n    |     property 's' -> object with constructor 'Object'\n    |     property 'sessionPool' -> object with constructor 'ServerSessionPool'\n    --- property 'client' closes the circle. Status: undefined"}
{"level":"error","message":"ReferenceError: product is not defined. Status: undefined"}
{"level":"error","message":"TypeError: Cannot read properties of undefined (reading 'cart'). Status: undefined"}
{"level":"error","message":"TypeError: Cannot read properties of undefined (reading 'cart'). Status: undefined"}
{"level":"error","message":"TypeError: Cannot read properties of undefined (reading 'cart'). Status: undefined"}
{"level":"error","message":"TypeError: Cannot read properties of undefined (reading 'cart'). Status: undefined"}
{"level":"error","message":"TypeError: Cannot read properties of undefined (reading 'cart'). Status: undefined"}
{"level":"error","message":"TypeError: Cannot read properties of undefined (reading 'cart'). Status: undefined"}
{"level":"error","message":"TypeError: Cannot read properties of undefined (reading 'cart'). Status: undefined"}
{"level":"error","message":"TypeError: Cannot read properties of null (reading 'amount'). Status: undefined"}
{"level":"error","message":"TypeError: Cannot read properties of null (reading 'amount'). Status: undefined"}
{"level":"error","message":"Error de creacion de producto: Falta completar campos. Status: 400"}
{"level":"error","message":"Error de creacion de producto: Falta completar campos. Status: 400"}
{"level":"error","message":"CastError: Cast to ObjectId failed for value \"{ _id: undefined }\" (type Object) at path \"_id\" for model \"Carts\". Status: undefined"}
{"level":"error","message":"CastError: Cast to ObjectId failed for value \"{ _id: undefined }\" (type Object) at path \"_id\" for model \"Carts\". Status: undefined"}
{"level":"error","message":"CastError: Cast to ObjectId failed for value \"{ _id: undefined }\" (type Object) at path \"_id\" for model \"Carts\". Status: undefined"}
{"level":"error","message":"CastError: Cast to ObjectId failed for value \"{ _id: undefined }\" (type Object) at path \"_id\" for model \"Carts\". Status: undefined"}
{"level":"error","message":"ReferenceError: product is not defined. Status: undefined"}
{"level":"error","message":"TypeError: Cannot read properties of undefined (reading 'length'). Status: undefined"}
{"level":"error","message":"TypeError: Cannot read properties of undefined (reading 'length'). Status: undefined"}
{"level":"error","message":"CastError: Cast to string failed for value \"{ email: 'hola' }\" (type Object) at path \"email\" for model \"Users\". Status: undefined"}
{"level":"error","message":"CastError: Cast to string failed for value \"{ email: 'valenmrtnz8@gmail.com' }\" (type Object) at path \"email\" for model \"Users\". Status: undefined"}
{"level":"error","message":"CastError: Cast to string failed for value \"{ email: 'valenmrtnz8@gmail.com' }\" (type Object) at path \"email\" for model \"Users\". Status: undefined"}
{"level":"error","message":"TypeError: Cannot read properties of undefined (reading 'role'). Status: undefined"}
{"level":"error","message":"TypeError: Cannot read properties of undefined (reading 'role'). Status: undefined"}
{"level":"error","message":"TypeError: Cannot read properties of undefined (reading 'role'). Status: undefined"}
{"level":"error","message":"ReferenceError: id is not defined. Status: undefined"}
{"level":"error","message":"TypeError: Cannot read properties of null (reading 'role'). Status: undefined"}
{"level":"error","message":"TypeError: Cannot read properties of null (reading '_id'). Status: undefined"}
{"level":"error","message":"TypeError: Cannot read properties of null (reading '_id'). Status: undefined"}
{"level":"error","message":"Error: Cannot set headers after they are sent to the client. Status: undefined"}
{"level":"error","message":"TypeError: Assignment to constant variable.. Status: undefined"}
{"level":"error","message":"TypeError: Cannot read properties of null (reading 'email'). Status: undefined"}
{"level":"error","message":"TypeError: Cannot read properties of null (reading 'email'). Status: undefined"}
{"level":"error","message":"TypeError: Cannot read properties of null (reading 'email'). Status: undefined"}
{"level":"error","message":"TypeError: Cannot read properties of null (reading 'email'). Status: undefined"}
{"level":"error","message":"TypeError: Cannot read properties of null (reading 'length'). Status: undefined"}
{"level":"error","message":"ReferenceError: failureMessage is not defined. Status: undefined"}
{"level":"error","message":"Error de creacion de producto: Falta completar campos. Status: 400"}
{"level":"error","message":"ReferenceError: thumbanil is not defined. Status: undefined"}
{"level":"error","message":"ReferenceError: thumbanil is not defined. Status: undefined"}
{"level":"error","message":"ReferenceError: thumbanil is not defined. Status: undefined"}
{"level":"error","message":"ReferenceError: thumbanil is not defined. Status: undefined"}
{"level":"error","message":"ReferenceError: thumbanil is not defined. Status: undefined"}
{"level":"error","message":"ReferenceError: thumbanil is not defined. Status: undefined"}
{"level":"error","message":"ReferenceError: thumbanil is not defined. Status: undefined"}
{"level":"error","message":"ReferenceError: thumbnail is not defined. Status: undefined"}
